  Using bundled DotNet SDK
  Log file: C:\UnrealEngine\Engine\Programs\UnrealBuildTool\Log.txt
  Using 'git status' to determine working set for adaptive non-unity build (C:\UnrealEngine).
  Using 'git status' to determine working set for adaptive non-unity build (D:\Programming\Unreal\DefenceGame).
UnrealBuildTool : warning : File D:\Programming\Unreal\VR_Sample\Intermediate\Build\Win64\UnrealEditor\Development\VR_Sample\UnrealEditor-VR_Sample.lib is not under any action history root directory
UnrealBuildTool : warning : File D:\Programming\Unreal\VR_Sample\Binaries\Win64\UnrealEditor.modules is not under any action history root directory
UnrealBuildTool : warning : File D:\Programming\Unreal\VR_Sample\Binaries\Win64\VR_SampleEditor.target is not under any action history root directory
UnrealBuildTool : warning : File D:\Programming\Unreal\VR_Sample\Binaries\Win64\UnrealEditor-VR_Sample.dll is not under any action history root directory
UnrealBuildTool : warning : File D:\Programming\Unreal\VR_Sample\Binaries\Win64\UnrealEditor-VR_Sample.pdb is not under any action history root directory
UnrealBuildTool : warning : File D:\Programming\Unreal\VR_Sample\Intermediate\Build\Win64\UnrealEditor\Development\VR_Sample\SampleGameInstance.cpp.obj is not under any action history root directory
UnrealBuildTool : warning : File D:\Programming\Unreal\VR_Sample\Intermediate\Build\Win64\UnrealEditor\Development\VR_Sample\SampleGameInstance.cpp.json is not under any action history root directory
UnrealBuildTool : warning : File D:\Programming\Unreal\VR_Sample\Intermediate\Build\Win64\UnrealEditor\Development\VR_Sample\VR_Sample.cpp.obj is not under any action history root directory
UnrealBuildTool : warning : File D:\Programming\Unreal\VR_Sample\Intermediate\Build\Win64\UnrealEditor\Development\VR_Sample\VR_Sample.cpp.json is not under any action history root directory
UnrealBuildTool : warning : File D:\Programming\Unreal\VR_Sample\Intermediate\Build\Win64\UnrealEditor\Development\VR_Sample\SampleGameInstance.gen.cpp.obj is not under any action history root directory
UnrealBuildTool : warning : File D:\Programming\Unreal\VR_Sample\Intermediate\Build\Win64\UnrealEditor\Development\VR_Sample\SampleGameInstance.gen.cpp.json is not under any action history root directory
UnrealBuildTool : warning : File D:\Programming\Unreal\VR_Sample\Intermediate\Build\Win64\UnrealEditor\Development\VR_Sample\VR_Sample.init.gen.cpp.obj is not under any action history root directory
UnrealBuildTool : warning : File D:\Programming\Unreal\VR_Sample\Intermediate\Build\Win64\UnrealEditor\Development\VR_Sample\VR_Sample.init.gen.cpp.json is not under any action history root directory
  Building VR_SampleEditor and ShaderCompileWorker...
  Using Visual Studio 2019 14.29.30140 toolchain (C:\Program Files (x86)\Microsoft Visual Studio\2019\Community\VC\Tools\MSVC\14.29.30133) and Windows 10.0.19041.0 SDK (C:\Program Files (x86)\Windows Kits\10).
  Determining max actions to execute in parallel (6 physical cores, 6 logical cores)
    Executing up to 6 processes, one per physical core
  Building 7 actions with 6 processes...
  [1/7] Compile VR_Sample.init.gen.cpp
  [2/7] Compile SampleGameInstance.cpp
  [3/7] Compile SampleGameInstance.gen.cpp
  [4/7] Compile VR_Sample.cpp
  [5/7] Link UnrealEditor-VR_Sample.lib
     D:\Programming\Unreal\VR_Sample\Intermediate\Build\Win64\UnrealEditor\Development\VR_Sample\UnrealEditor-VR_Sample.lib 라이브러리 및 D:\Programming\Unreal\VR_Sample\Intermediate\Build\Win64\UnrealEditor\Development\VR_Sample\UnrealEditor-VR_Sample.exp 개체를 생성하고 있습니다.
  [6/7] Link UnrealEditor-VR_Sample.dll
     D:\Programming\Unreal\VR_Sample\Intermediate\Build\Win64\UnrealEditor\Development\VR_Sample\UnrealEditor-VR_Sample.suppressed.lib 라이브러리 및 D:\Programming\Unreal\VR_Sample\Intermediate\Build\Win64\UnrealEditor\Development\VR_Sample\UnrealEditor-VR_Sample.suppressed.exp 개체를 생성하고 있습니다.
  [7/7] WriteMetadata VR_SampleEditor.target
  Total time in Parallel executor: 7.78 seconds
  Total execution time: 10.21 seconds
